<?xml version="1.0" encoding="UTF-8"?>
<robot generator="Robot 4.1.2 (Python 3.10.1 on win32)" generated="20220114 13:45:55.958" rpa="false" schemaversion="2">
<suite id="s1" name="Revolut" source="C:\Dev\robot-scripts\revolut-script\tests\revolut.robot">
<test id="s1-t1" name="Exchange">
<kw name="Begin Web Test" library="Web" type="SETUP">
<kw name="Open Browser" library="SeleniumLibrary">
<arg>${HOMEPAGE}</arg>
<arg>${BROWSER}</arg>
<doc>Opens a new browser instance to the optional ``url``.</doc>
<msg timestamp="20220114 13:45:56.280" level="INFO">Opening browser 'chrome' to base url 'https://sandbox-business.revolut.com/signin'.</msg>
<status status="PASS" starttime="20220114 13:45:56.280" endtime="20220114 13:46:01.062"/>
</kw>
<kw name="Maximize Browser Window" library="SeleniumLibrary">
<doc>Maximizes current browser window.</doc>
<status status="PASS" starttime="20220114 13:46:01.062" endtime="20220114 13:46:01.191"/>
</kw>
<kw name="Set Browser Implicit Wait" library="SeleniumLibrary">
<arg>1s</arg>
<doc>Sets the implicit wait value used by Selenium.</doc>
<status status="PASS" starttime="20220114 13:46:01.191" endtime="20220114 13:46:01.196"/>
</kw>
<status status="PASS" starttime="20220114 13:45:56.280" endtime="20220114 13:46:01.197"/>
</kw>
<kw name="Sign in" library="Web">
<doc>Sign in steps</doc>
<kw name="Input Text" library="SeleniumLibrary">
<arg>${ACCOUNT_INPUT}</arg>
<arg>${ACCOUNT}</arg>
<doc>Types the given ``text`` into the text field identified by ``locator``.</doc>
<msg timestamp="20220114 13:46:01.198" level="INFO">Typing text 'kevin.franzki@tesena.com' into text field 'xpath=//*[@id="app"]/div/div[1]/div/div/div/main/span/div[1]/span/span/form/div[1]/label/div/div/div/div[2]/input'.</msg>
<status status="PASS" starttime="20220114 13:46:01.198" endtime="20220114 13:46:01.463"/>
</kw>
<kw name="Click Button" library="SeleniumLibrary">
<arg>${CONTINUE_WITH_EMAIL}</arg>
<doc>Clicks the button identified by ``locator``.</doc>
<msg timestamp="20220114 13:46:01.464" level="INFO">Clicking button 'Continue with email'.</msg>
<status status="PASS" starttime="20220114 13:46:01.464" endtime="20220114 13:46:02.598"/>
</kw>
<kw name="Input Text" library="SeleniumLibrary">
<arg>${PASSWORD_INPUT}</arg>
<arg>${PASSWORD}</arg>
<doc>Types the given ``text`` into the text field identified by ``locator``.</doc>
<msg timestamp="20220114 13:46:02.601" level="INFO">Typing text '&lt;Smarttesting2021&gt;' into text field 'xpath=//*[@id="app"]/div/div[1]/div/div/div/main/span/div[1]/span/form/div[1]/label/div/div/div/div[2]/input'.</msg>
<status status="PASS" starttime="20220114 13:46:02.600" endtime="20220114 13:46:02.916"/>
</kw>
<kw name="Click Button" library="SeleniumLibrary">
<arg>${LOG_IN}</arg>
<doc>Clicks the button identified by ``locator``.</doc>
<msg timestamp="20220114 13:46:02.917" level="INFO">Clicking button 'Log in'.</msg>
<status status="PASS" starttime="20220114 13:46:02.916" endtime="20220114 13:46:03.994"/>
</kw>
<kw name="Click Button" library="SeleniumLibrary">
<arg>${APPROVE}</arg>
<doc>Clicks the button identified by ``locator``.</doc>
<msg timestamp="20220114 13:46:03.994" level="INFO">Clicking button 'Approve'.</msg>
<status status="PASS" starttime="20220114 13:46:03.994" endtime="20220114 13:46:05.060"/>
</kw>
<status status="PASS" starttime="20220114 13:46:01.197" endtime="20220114 13:46:05.061"/>
</kw>
<kw name="Sleep" library="BuiltIn">
<arg>3s</arg>
<doc>Pauses the test executed for the given time.</doc>
<msg timestamp="20220114 13:46:08.077" level="INFO">Slept 3 seconds</msg>
<status status="PASS" starttime="20220114 13:46:05.061" endtime="20220114 13:46:08.077"/>
</kw>
<kw name="Exchange" library="Login">
<doc>Exchange currency</doc>
<kw name="Click Element" library="SeleniumLibrary">
<arg>${EXCHANGE}</arg>
<doc>Click the element identified by ``locator``.</doc>
<msg timestamp="20220114 13:46:08.077" level="INFO">Clicking element 'xpath=//*[@id="app"]/div/div[1]/div/div/div/div[2]/div/div/main/div[6]/div/div[1]/div[4]/div/button[3]'.</msg>
<status status="PASS" starttime="20220114 13:46:08.077" endtime="20220114 13:46:08.193"/>
</kw>
<kw name="Input Text" library="SeleniumLibrary">
<arg>${ADD_AMOUNT1}</arg>
<arg>${VALUE_AMOUNT}</arg>
<doc>Types the given ``text`` into the text field identified by ``locator``.</doc>
<msg timestamp="20220114 13:46:08.195" level="INFO">Typing text '30' into text field 'xpath=//*[@id="app"]/div/div[1]/div/div/div/div[2]/div/div/div/main/div[4]/div/div[1]/div[3]/input'.</msg>
<status status="PASS" starttime="20220114 13:46:08.194" endtime="20220114 13:46:08.411"/>
</kw>
<kw name="Click Button" library="SeleniumLibrary">
<arg>${CONTINUE}</arg>
<doc>Clicks the button identified by ``locator``.</doc>
<msg timestamp="20220114 13:46:08.412" level="INFO">Clicking button 'xpath=//button[@class='ButtonBase-sc-188b3i5-0 bCoPaV Button-sc-1gvtpv4-0 fKYZMC']'.</msg>
<status status="PASS" starttime="20220114 13:46:08.411" endtime="20220114 13:46:08.596"/>
</kw>
<kw name="Click Button" library="SeleniumLibrary">
<arg>${CONTINUE}</arg>
<doc>Clicks the button identified by ``locator``.</doc>
<msg timestamp="20220114 13:46:08.597" level="INFO">Clicking button 'xpath=//button[@class='ButtonBase-sc-188b3i5-0 bCoPaV Button-sc-1gvtpv4-0 fKYZMC']'.</msg>
<status status="PASS" starttime="20220114 13:46:08.597" endtime="20220114 13:46:08.670"/>
</kw>
<status status="PASS" starttime="20220114 13:46:08.077" endtime="20220114 13:46:08.671"/>
</kw>
<kw name="Log" library="BuiltIn">
<arg>Test 3 is completed</arg>
<doc>Logs the given message with the given level.</doc>
<msg timestamp="20220114 13:46:08.671" level="INFO">Test 3 is completed</msg>
<status status="PASS" starttime="20220114 13:46:08.671" endtime="20220114 13:46:08.671"/>
</kw>
<kw name="End Web Test" library="Web" type="TEARDOWN">
<kw name="Close All Browsers" library="SeleniumLibrary">
<doc>Closes all open browsers and resets the browser cache.</doc>
<status status="PASS" starttime="20220114 13:46:08.672" endtime="20220114 13:46:10.891"/>
</kw>
<status status="PASS" starttime="20220114 13:46:08.672" endtime="20220114 13:46:10.891"/>
</kw>
<doc>UI tests - Exchange</doc>
<tag>Test 3</tag>
<status status="PASS" starttime="20220114 13:45:56.279" endtime="20220114 13:46:10.891"/>
</test>
<doc>UI tests Business for Revolut</doc>
<status status="PASS" starttime="20220114 13:45:55.959" endtime="20220114 13:46:10.893"/>
</suite>
<statistics>
<total>
<stat pass="1" fail="0" skip="0">All Tests</stat>
</total>
<tag>
<stat pass="1" fail="0" skip="0">Test 3</stat>
</tag>
<suite>
<stat pass="1" fail="0" skip="0" id="s1" name="Revolut">Revolut</stat>
</suite>
</statistics>
<errors>
</errors>
</robot>
